#-----------------------------------------------------------
# Vivado v2015.4 (64-bit)
# SW Build 1412921 on Wed Nov 18 09:43:45 MST 2015
# IP Build 1412160 on Tue Nov 17 13:47:24 MST 2015
# Start of session at: Mon Jun 21 11:33:21 2021
# Process ID: 16060
# Current directory: C:/Users/Rizky Millennianno/Documents/Materi Matkul/Semester IV/Elektronika 2/XFI/ticket_machine
# Command line: vivado.exe -gui_launcher_event rodinguilauncherevent15592 C:\Users\Rizky Millennianno\Documents\Materi Matkul\Semester IV\Elektronika 2\XFI\ticket_machine\ticket_machine.xpr
# Log file: C:/Users/Rizky Millennianno/Documents/Materi Matkul/Semester IV/Elektronika 2/XFI/ticket_machine/vivado.log
# Journal file: C:/Users/Rizky Millennianno/Documents/Materi Matkul/Semester IV/Elektronika 2/XFI/ticket_machine\vivado.jou
#-----------------------------------------------------------
start_gui
open_project {C:/Users/Rizky Millennianno/Documents/Materi Matkul/Semester IV/Elektronika 2/XFI/ticket_machine/ticket_machine.xpr}
INFO: [ProjectBase 1-489] The host OS only allows 260 characters in a normal path. The project is stored in a path with more than 80 characters. If you experience issues with IP, Block Designs, or files not being found, please consider moving the project to a location with a shorter path. Alternately consider using the OS subst command to map part of the path to a drive letter.
Current project path is 'C:/Users/Rizky Millennianno/Documents/Materi Matkul/Semester IV/Elektronika 2/XFI/ticket_machine'
Scanning sources...
Finished scanning sources
INFO: [IP_Flow 19-234] Refreshing IP repositories
INFO: [IP_Flow 19-1704] No user IP repositories specified
INFO: [IP_Flow 19-2313] Loaded Vivado IP repository 'C:/Xilinx/Vivado/2015.4/data/ip'.
open_project: Time (s): cpu = 00:00:18 ; elapsed = 00:00:10 . Memory (MB): peak = 746.922 ; gain = 98.547
exit
INFO: [Common 17-206] Exiting Vivado at Mon Jun 21 13:34:15 2021...
